0 verbose cli /usr/local/nvm/versions/node/v16.1.0/bin/node /usr/local/nvm/versions/node/v16.1.0/bin/npm
1 info using npm@8.7.0
2 info using node@v16.1.0
3 timing npm:load:whichnode Completed in 0ms
4 timing config:load:defaults Completed in 1ms
5 timing config:load:file:/usr/local/nvm/versions/node/v16.1.0/lib/node_modules/npm/npmrc Completed in 9ms
6 timing config:load:builtin Completed in 9ms
7 timing config:load:cli Completed in 3ms
8 timing config:load:env Completed in 1ms
9 timing config:load:project Completed in 9ms
10 timing config:load:file:/home/user215/.npmrc Completed in 0ms
11 timing config:load:user Completed in 0ms
12 timing config:load:file:/usr/local/nvm/versions/node/v16.1.0/etc/npmrc Completed in 0ms
13 timing config:load:global Completed in 1ms
14 timing config:load:validate Completed in 0ms
15 timing config:load:credentials Completed in 1ms
16 timing config:load:setEnvs Completed in 1ms
17 timing config:load Completed in 27ms
18 timing npm:load:configload Completed in 27ms
19 timing npm:load:mkdirpcache Completed in 3ms
20 timing npm:load:mkdirplogs Completed in 6ms
21 verbose title npm install
22 verbose argv "install"
23 timing npm:load:setTitle Completed in 2ms
24 timing config:load:flatten Completed in 3ms
25 timing npm:load:display Completed in 5ms
26 verbose logfile logs-max:10 dir:/home/user215/.npm/_logs
27 verbose logfile /home/user215/.npm/_logs/2022-04-28T03_38_04_574Z-debug-0.log
28 timing npm:load:logFile Completed in 8ms
29 timing npm:load:timers Completed in 0ms
30 timing npm:load:configScope Completed in 0ms
31 timing npm:load Completed in 52ms
32 timing arborist:ctor Completed in 0ms
33 silly logfile done cleaning log files
34 timing idealTree:init Completed in 48ms
35 timing idealTree:userRequests Completed in 0ms
36 silly idealTree buildDeps
37 timing idealTree:#root Completed in 0ms
38 timing idealTree:buildDeps Completed in 1ms
39 timing idealTree:fixDepFlags Completed in 1ms
40 timing idealTree Completed in 51ms
41 timing reify:loadTrees Completed in 52ms
42 timing reify:diffTrees Completed in 1ms
43 silly reify moves {}
44 timing reify:retireShallow Completed in 1ms
45 timing reify:createSparse Completed in 0ms
46 timing reify:loadBundles Completed in 0ms
47 silly audit report null
48 timing reify:audit Completed in 0ms
49 timing reify:unpack Completed in 1ms
50 timing reify:unretire Completed in 0ms
51 timing build:queue Completed in 0ms
52 timing build:deps Completed in 0ms
53 timing build Completed in 1ms
54 timing reify:build Completed in 1ms
55 timing reify:trash Completed in 0ms
56 timing reify:save Completed in 1ms
57 timing reify Completed in 71ms
58 timing command:install Completed in 76ms
59 verbose stack Error: ENOENT: no such file or directory, open '/home/user215/package.json'
60 verbose cwd /home/user215
61 verbose Linux 5.10.109+
62 verbose node v16.1.0
63 verbose npm  v8.7.0
64 error code ENOENT
65 error syscall open
66 error path /home/user215/package.json
67 error errno -2
68 error enoent ENOENT: no such file or directory, open '/home/user215/package.json'
69 error enoent This is related to npm not being able to find a file.
69 error enoent
70 verbose exit -2
71 timing npm Completed in 308ms
72 verbose code -2
73 error A complete log of this run can be found in:
73 error     /home/user215/.npm/_logs/2022-04-28T03_38_04_574Z-debug-0.log
